2019-12-30 10:26:03,406 ERROR 11140 [-/::1/-/23ms POST /api/curl?url=https:%2F%2Fsm.ms%2Fapi%2Fupload&method=post&headers=%7B%22Content-Type%22:%22application%2Fx-www-form-urlencoded%22%7D] nodejs.ReferenceError: fs is not defined
    at NewsService.post (D:\play\firstegg\app\service\mycurl.js:13:34)
    at curlController.index (D:\play\firstegg\app\controller\procurl.js:29:47)
    at Object.callFn (D:\play\firstegg\node_modules\egg-core\lib\utils\index.js:44:21)
    at Object.classControllerMiddleware (D:\play\firstegg\node_modules\egg-core\lib\loader\mixin\controller.js:87:20)
    at Object.callFn (D:\play\firstegg\node_modules\@eggjs\router\lib\utils.js:12:21)
    at wrappedController (D:\play\firstegg\node_modules\@eggjs\router\lib\egg_router.js:322:18)
    at dispatch (D:\play\firstegg\node_modules\koa-compose\index.js:44:32)
    at next (D:\play\firstegg\node_modules\koa-compose\index.js:45:18)
    at D:\play\firstegg\node_modules\@eggjs\router\lib\router.js:190:18
    at dispatch (D:\play\firstegg\node_modules\koa-compose\index.js:44:32)
headers: {"Access-Control-Allow-Origin":"*","vary":"Origin"}
pid: 11140
hostname: DESKTOP-3VTC7OJ

2019-12-30 12:44:10,809 ERROR 6376 nodejs.ClusterClientNoResponseError: client no response in 542754ms exceeding maxIdleTime 60000ms, maybe the connection is close on other side.
    at Timeout.Leader._heartbeatTimer.setInterval [as _onTimeout] (D:\play\firstegg\node_modules\cluster-client\lib\leader.js:77:23)
    at ontimeout (timers.js:436:11)
    at tryOnTimeout (timers.js:300:5)
    at listOnTimeout (timers.js:263:5)
    at Timer.processTimers (timers.js:223:10)
name: "ClusterClientNoResponseError"
pid: 6376
hostname: DESKTOP-3VTC7OJ

2019-12-30 13:54:43,660 ERROR 6376 nodejs.ClusterClientNoResponseError: client no response in 950588ms exceeding maxIdleTime 60000ms, maybe the connection is close on other side.
    at Timeout.Leader._heartbeatTimer.setInterval [as _onTimeout] (D:\play\firstegg\node_modules\cluster-client\lib\leader.js:77:23)
    at ontimeout (timers.js:436:11)
    at tryOnTimeout (timers.js:300:5)
    at listOnTimeout (timers.js:263:5)
    at Timer.processTimers (timers.js:223:10)
name: "ClusterClientNoResponseError"
pid: 6376
hostname: DESKTOP-3VTC7OJ

2019-12-30 14:27:01,026 ERROR 10624 [-/::1/-/25ms POST /api/speech] nodejs.TypeError: Cannot read property 'data' of undefined
    at NewsService.post (D:\play\firstegg\app\service\mycurl.js:20:23)
    at process._tickCallback (internal/process/next_tick.js:68:7)
headers: {"Access-Control-Allow-Origin":"*","vary":"Origin"}
pid: 10624
hostname: DESKTOP-3VTC7OJ

2019-12-30 14:28:46,016 ERROR 11596 [-/::1/-/18ms POST /api/speech] nodejs.ENOENTError: ENOENT: no such file or directory, open '../testfile/16k_test.pcm'
    at Object.openSync (fs.js:443:3)
    at Object.readFileSync (fs.js:343:35)
    at speechController.index (D:\play\firstegg\app\controller\speech.js:26:24)
    at Object.callFn (D:\play\firstegg\node_modules\egg-core\lib\utils\index.js:44:21)
    at Object.classControllerMiddleware (D:\play\firstegg\node_modules\egg-core\lib\loader\mixin\controller.js:87:20)
    at Object.callFn (D:\play\firstegg\node_modules\@eggjs\router\lib\utils.js:12:21)
    at wrappedController (D:\play\firstegg\node_modules\@eggjs\router\lib\egg_router.js:322:18)
    at dispatch (D:\play\firstegg\node_modules\koa-compose\index.js:44:32)
    at next (D:\play\firstegg\node_modules\koa-compose\index.js:45:18)
    at D:\play\firstegg\node_modules\@eggjs\router\lib\router.js:190:18
errno: -4058
syscall: "open"
code: "ENOENT"
path: "../testfile/16k_test.pcm"
headers: {"Access-Control-Allow-Origin":"*","vary":"Origin"}
name: "ENOENTError"
pid: 11596
hostname: DESKTOP-3VTC7OJ

2019-12-30 14:29:39,237 ERROR 11596 [-/::1/-/1ms POST /api/speech] nodejs.ENOENTError: ENOENT: no such file or directory, open '../testfile/16k_test.pcm'
    at Object.openSync (fs.js:443:3)
    at Object.readFileSync (fs.js:343:35)
    at speechController.index (D:\play\firstegg\app\controller\speech.js:26:24)
    at Object.callFn (D:\play\firstegg\node_modules\egg-core\lib\utils\index.js:44:21)
    at Object.classControllerMiddleware (D:\play\firstegg\node_modules\egg-core\lib\loader\mixin\controller.js:87:20)
    at Object.callFn (D:\play\firstegg\node_modules\@eggjs\router\lib\utils.js:12:21)
    at wrappedController (D:\play\firstegg\node_modules\@eggjs\router\lib\egg_router.js:322:18)
    at dispatch (D:\play\firstegg\node_modules\koa-compose\index.js:44:32)
    at next (D:\play\firstegg\node_modules\koa-compose\index.js:45:18)
    at D:\play\firstegg\node_modules\@eggjs\router\lib\router.js:190:18
errno: -4058
syscall: "open"
code: "ENOENT"
path: "../testfile/16k_test.pcm"
headers: {"Access-Control-Allow-Origin":"*","vary":"Origin"}
name: "ENOENTError"
pid: 11596
hostname: DESKTOP-3VTC7OJ

