2020-08-21 00:00:01,035 INFO 17984 [egg-logrotator] app logger reload: got log-reload message
2020-08-21 09:15:54,504 INFO 9036 [egg:logger] init all loggers with options: {"dir":"E:\\tryproject\\firstegg\\logs\\eggtry","encoding":"utf8","env":"local","level":"INFO","consoleLevel":"INFO","disableConsoleAfterReady":false,"outputJSON":false,"buffer":true,"appLogName":"eggtry-web.log","coreLogName":"egg-web.log","agentLogName":"egg-agent.log","errorLogName":"common-error.log","coreLogger":{"consoleLevel":"WARN"},"allowDebugAtProd":false,"type":"application"}
2020-08-21 09:15:54,586 INFO 9036 [egg-multipart] file mode enable
2020-08-21 09:15:54,586 INFO 9036 [egg-multipart] will save temporary files to "C:\\Users\\11098\\AppData\\Local\\Temp\\egg-multipart-tmp\\eggtry", cleanup job cron: "0 30 4 * * *"
2020-08-21 09:15:54,588 INFO 9036 [egg-email] connecting smtp.qq.com@465:[object Object]/%
2020-08-21 09:15:54,818 INFO 9036 [egg-static] starting static serve /public/ -> E:\tryproject\firstegg\app\public
2020-08-21 09:15:54,824 INFO 9036 [egg-security] use methodnoallow middleware
2020-08-21 09:15:54,826 INFO 9036 [egg-security] use noopen middleware
2020-08-21 09:15:54,828 INFO 9036 [egg-security] use nosniff middleware
2020-08-21 09:15:54,829 INFO 9036 [egg-security] use xssProtection middleware
2020-08-21 09:15:54,830 INFO 9036 [egg-security] use xframe middleware
2020-08-21 09:15:54,831 INFO 9036 [egg-security] use dta middleware
2020-08-21 09:15:54,832 INFO 9036 [egg-security] compose 6 middlewares into one security middleware
2020-08-21 09:15:55,437 INFO 9036 [egg:core] dump config after load, 12ms
2020-08-21 09:15:55,532 INFO 9036 [egg-watcher:application] watcher start success
2020-08-21 09:15:55,555 INFO 9036 [egg:core] dump config after ready, 15ms
2020-08-21 09:15:56,708 INFO 16496 [egg:logger] init all loggers with options: {"dir":"E:\\tryproject\\firstegg\\logs\\eggtry","encoding":"utf8","env":"local","level":"INFO","consoleLevel":"INFO","disableConsoleAfterReady":false,"outputJSON":false,"buffer":true,"appLogName":"eggtry-web.log","coreLogName":"egg-web.log","agentLogName":"egg-agent.log","errorLogName":"common-error.log","coreLogger":{"consoleLevel":"WARN"},"allowDebugAtProd":false,"type":"application"}
2020-08-21 09:15:56,791 INFO 16496 [egg-multipart] file mode enable
2020-08-21 09:15:56,791 INFO 16496 [egg-multipart] will save temporary files to "C:\\Users\\11098\\AppData\\Local\\Temp\\egg-multipart-tmp\\eggtry", cleanup job cron: "0 30 4 * * *"
2020-08-21 09:15:56,792 INFO 16496 [egg-email] connecting smtp.qq.com@465:[object Object]/%
2020-08-21 09:15:56,955 INFO 16496 [egg-static] starting static serve /public/ -> E:\tryproject\firstegg\app\public
2020-08-21 09:15:56,960 INFO 16496 [egg-security] use methodnoallow middleware
2020-08-21 09:15:56,962 INFO 16496 [egg-security] use noopen middleware
2020-08-21 09:15:56,963 INFO 16496 [egg-security] use nosniff middleware
2020-08-21 09:15:56,964 INFO 16496 [egg-security] use xssProtection middleware
2020-08-21 09:15:56,965 INFO 16496 [egg-security] use xframe middleware
2020-08-21 09:15:56,966 INFO 16496 [egg-security] use dta middleware
2020-08-21 09:15:56,966 INFO 16496 [egg-security] compose 6 middlewares into one security middleware
2020-08-21 09:15:57,534 INFO 16496 [egg:core] dump config after load, 14ms
2020-08-21 09:15:57,641 INFO 16496 [egg-watcher:application] watcher start success
2020-08-21 09:15:57,682 INFO 16496 [egg:core] dump config after ready, 32ms
2020-08-21 09:16:00,534 INFO 11884 [egg:logger] init all loggers with options: {"dir":"E:\\tryproject\\firstegg\\logs\\eggtry","encoding":"utf8","env":"local","level":"INFO","consoleLevel":"INFO","disableConsoleAfterReady":false,"outputJSON":false,"buffer":true,"appLogName":"eggtry-web.log","coreLogName":"egg-web.log","agentLogName":"egg-agent.log","errorLogName":"common-error.log","coreLogger":{"consoleLevel":"WARN"},"allowDebugAtProd":false,"type":"application"}
2020-08-21 09:16:00,599 INFO 11884 [egg-multipart] file mode enable
2020-08-21 09:16:00,599 INFO 11884 [egg-multipart] will save temporary files to "C:\\Users\\11098\\AppData\\Local\\Temp\\egg-multipart-tmp\\eggtry", cleanup job cron: "0 30 4 * * *"
2020-08-21 09:16:00,600 INFO 11884 [egg-email] connecting smtp.qq.com@465:[object Object]/%
2020-08-21 09:16:00,733 INFO 11884 [egg-static] starting static serve /public/ -> E:\tryproject\firstegg\app\public
2020-08-21 09:16:00,737 INFO 11884 [egg-security] use methodnoallow middleware
2020-08-21 09:16:00,738 INFO 11884 [egg-security] use noopen middleware
2020-08-21 09:16:00,740 INFO 11884 [egg-security] use nosniff middleware
2020-08-21 09:16:00,741 INFO 11884 [egg-security] use xssProtection middleware
2020-08-21 09:16:00,741 INFO 11884 [egg-security] use xframe middleware
2020-08-21 09:16:00,742 INFO 11884 [egg-security] use dta middleware
2020-08-21 09:16:00,742 INFO 11884 [egg-security] compose 6 middlewares into one security middleware
2020-08-21 09:16:01,145 INFO 11884 [egg:core] dump config after load, 14ms
2020-08-21 09:16:01,221 INFO 11884 [egg-watcher:application] watcher start success
2020-08-21 09:16:01,245 INFO 11884 [egg:core] dump config after ready, 17ms
2020-08-21 09:45:19,748 INFO 7368 [egg:logger] init all loggers with options: {"dir":"E:\\tryproject\\firstegg\\logs\\eggtry","encoding":"utf8","env":"local","level":"INFO","consoleLevel":"INFO","disableConsoleAfterReady":false,"outputJSON":false,"buffer":true,"appLogName":"eggtry-web.log","coreLogName":"egg-web.log","agentLogName":"egg-agent.log","errorLogName":"common-error.log","coreLogger":{"consoleLevel":"WARN"},"allowDebugAtProd":false,"type":"application"}
2020-08-21 09:45:19,818 INFO 7368 [egg-multipart] file mode enable
2020-08-21 09:45:19,818 INFO 7368 [egg-multipart] will save temporary files to "C:\\Users\\11098\\AppData\\Local\\Temp\\egg-multipart-tmp\\eggtry", cleanup job cron: "0 30 4 * * *"
2020-08-21 09:45:19,819 INFO 7368 [egg-email] connecting smtp.qq.com@465:[object Object]/%
2020-08-21 09:45:19,990 INFO 7368 [egg-static] starting static serve /public/ -> E:\tryproject\firstegg\app\public
2020-08-21 09:45:19,995 INFO 7368 [egg-security] use methodnoallow middleware
2020-08-21 09:45:19,996 INFO 7368 [egg-security] use noopen middleware
2020-08-21 09:45:19,998 INFO 7368 [egg-security] use nosniff middleware
2020-08-21 09:45:20,000 INFO 7368 [egg-security] use xssProtection middleware
2020-08-21 09:45:20,001 INFO 7368 [egg-security] use xframe middleware
2020-08-21 09:45:20,002 INFO 7368 [egg-security] use dta middleware
2020-08-21 09:45:20,002 INFO 7368 [egg-security] compose 6 middlewares into one security middleware
2020-08-21 09:45:20,492 INFO 7368 [egg:core] dump config after load, 18ms
2020-08-21 09:45:20,580 INFO 7368 [egg-watcher:application] watcher start success
2020-08-21 09:45:20,614 INFO 7368 [egg:core] dump config after ready, 18ms
2020-08-21 12:53:53,015 INFO 10188 [egg:logger] init all loggers with options: {"dir":"E:\\tryproject\\firstegg\\logs\\eggtry","encoding":"utf8","env":"local","level":"INFO","consoleLevel":"INFO","disableConsoleAfterReady":false,"outputJSON":false,"buffer":true,"appLogName":"eggtry-web.log","coreLogName":"egg-web.log","agentLogName":"egg-agent.log","errorLogName":"common-error.log","coreLogger":{"consoleLevel":"WARN"},"allowDebugAtProd":false,"type":"application"}
2020-08-21 12:53:53,080 INFO 10188 [egg-multipart] file mode enable
2020-08-21 12:53:53,080 INFO 10188 [egg-multipart] will save temporary files to "C:\\Users\\11098\\AppData\\Local\\Temp\\egg-multipart-tmp\\eggtry", cleanup job cron: "0 30 4 * * *"
2020-08-21 12:53:53,081 INFO 10188 [egg-email] connecting smtp.qq.com@465:[object Object]/%
2020-08-21 12:53:53,269 INFO 10188 [egg-static] starting static serve /public/ -> E:\tryproject\firstegg\app\public
2020-08-21 12:53:53,275 INFO 10188 [egg-security] use methodnoallow middleware
2020-08-21 12:53:53,276 INFO 10188 [egg-security] use noopen middleware
2020-08-21 12:53:53,278 INFO 10188 [egg-security] use nosniff middleware
2020-08-21 12:53:53,279 INFO 10188 [egg-security] use xssProtection middleware
2020-08-21 12:53:53,279 INFO 10188 [egg-security] use xframe middleware
2020-08-21 12:53:53,280 INFO 10188 [egg-security] use dta middleware
2020-08-21 12:53:53,280 INFO 10188 [egg-security] compose 6 middlewares into one security middleware
2020-08-21 12:53:53,800 INFO 10188 [egg:core] dump config after load, 12ms
2020-08-21 12:53:53,875 INFO 10188 [egg-watcher:application] watcher start success
2020-08-21 12:53:53,898 INFO 10188 [egg:core] dump config after ready, 13ms
2020-08-21 12:53:55,166 INFO 7716 [egg:logger] init all loggers with options: {"dir":"E:\\tryproject\\firstegg\\logs\\eggtry","encoding":"utf8","env":"local","level":"INFO","consoleLevel":"INFO","disableConsoleAfterReady":false,"outputJSON":false,"buffer":true,"appLogName":"eggtry-web.log","coreLogName":"egg-web.log","agentLogName":"egg-agent.log","errorLogName":"common-error.log","coreLogger":{"consoleLevel":"WARN"},"allowDebugAtProd":false,"type":"application"}
2020-08-21 12:53:55,233 INFO 7716 [egg-multipart] file mode enable
2020-08-21 12:53:55,233 INFO 7716 [egg-multipart] will save temporary files to "C:\\Users\\11098\\AppData\\Local\\Temp\\egg-multipart-tmp\\eggtry", cleanup job cron: "0 30 4 * * *"
2020-08-21 12:53:55,234 INFO 7716 [egg-email] connecting smtp.qq.com@465:[object Object]/%
2020-08-21 12:53:55,364 INFO 7716 [egg-static] starting static serve /public/ -> E:\tryproject\firstegg\app\public
2020-08-21 12:53:55,370 INFO 7716 [egg-security] use methodnoallow middleware
2020-08-21 12:53:55,371 INFO 7716 [egg-security] use noopen middleware
2020-08-21 12:53:55,372 INFO 7716 [egg-security] use nosniff middleware
2020-08-21 12:53:55,373 INFO 7716 [egg-security] use xssProtection middleware
2020-08-21 12:53:55,374 INFO 7716 [egg-security] use xframe middleware
2020-08-21 12:53:55,374 INFO 7716 [egg-security] use dta middleware
2020-08-21 12:53:55,374 INFO 7716 [egg-security] compose 6 middlewares into one security middleware
2020-08-21 12:53:55,738 INFO 7716 [egg:core] dump config after load, 11ms
2020-08-21 12:53:55,805 INFO 7716 [egg-watcher:application] watcher start success
2020-08-21 12:53:55,825 INFO 7716 [egg:core] dump config after ready, 13ms
2020-08-21 12:55:17,783 INFO 5232 [egg:logger] init all loggers with options: {"dir":"E:\\tryproject\\firstegg\\logs\\eggtry","encoding":"utf8","env":"local","level":"INFO","consoleLevel":"INFO","disableConsoleAfterReady":false,"outputJSON":false,"buffer":true,"appLogName":"eggtry-web.log","coreLogName":"egg-web.log","agentLogName":"egg-agent.log","errorLogName":"common-error.log","coreLogger":{"consoleLevel":"WARN"},"allowDebugAtProd":false,"type":"application"}
2020-08-21 12:55:17,846 INFO 5232 [egg-multipart] file mode enable
2020-08-21 12:55:17,846 INFO 5232 [egg-multipart] will save temporary files to "C:\\Users\\11098\\AppData\\Local\\Temp\\egg-multipart-tmp\\eggtry", cleanup job cron: "0 30 4 * * *"
2020-08-21 12:55:17,848 INFO 5232 [egg-email] connecting smtp.qq.com@465:[object Object]/%
2020-08-21 12:55:17,979 INFO 5232 [egg-static] starting static serve /public/ -> E:\tryproject\firstegg\app\public
2020-08-21 12:55:17,983 INFO 5232 [egg-security] use methodnoallow middleware
2020-08-21 12:55:17,984 INFO 5232 [egg-security] use noopen middleware
2020-08-21 12:55:17,986 INFO 5232 [egg-security] use nosniff middleware
2020-08-21 12:55:17,987 INFO 5232 [egg-security] use xssProtection middleware
2020-08-21 12:55:17,988 INFO 5232 [egg-security] use xframe middleware
2020-08-21 12:55:17,989 INFO 5232 [egg-security] use dta middleware
2020-08-21 12:55:17,989 INFO 5232 [egg-security] compose 6 middlewares into one security middleware
2020-08-21 12:55:18,357 INFO 5232 [egg:core] dump config after load, 11ms
2020-08-21 12:55:18,422 INFO 5232 [egg-watcher:application] watcher start success
2020-08-21 12:55:18,443 INFO 5232 [egg:core] dump config after ready, 13ms
2020-08-21 12:57:58,045 INFO 15736 [egg:logger] init all loggers with options: {"dir":"E:\\tryproject\\firstegg\\logs\\eggtry","encoding":"utf8","env":"local","level":"INFO","consoleLevel":"INFO","disableConsoleAfterReady":false,"outputJSON":false,"buffer":true,"appLogName":"eggtry-web.log","coreLogName":"egg-web.log","agentLogName":"egg-agent.log","errorLogName":"common-error.log","coreLogger":{"consoleLevel":"WARN"},"allowDebugAtProd":false,"type":"application"}
2020-08-21 12:57:58,107 INFO 15736 [egg-multipart] file mode enable
2020-08-21 12:57:58,107 INFO 15736 [egg-multipart] will save temporary files to "C:\\Users\\11098\\AppData\\Local\\Temp\\egg-multipart-tmp\\eggtry", cleanup job cron: "0 30 4 * * *"
2020-08-21 12:57:58,108 INFO 15736 [egg-email] connecting smtp.qq.com@465:[object Object]/%
2020-08-21 12:57:58,261 INFO 15736 [egg-static] starting static serve /public/ -> E:\tryproject\firstegg\app\public
2020-08-21 12:57:58,265 INFO 15736 [egg-security] use methodnoallow middleware
2020-08-21 12:57:58,266 INFO 15736 [egg-security] use noopen middleware
2020-08-21 12:57:58,268 INFO 15736 [egg-security] use nosniff middleware
2020-08-21 12:57:58,269 INFO 15736 [egg-security] use xssProtection middleware
2020-08-21 12:57:58,270 INFO 15736 [egg-security] use xframe middleware
2020-08-21 12:57:58,271 INFO 15736 [egg-security] use dta middleware
2020-08-21 12:57:58,271 INFO 15736 [egg-security] compose 6 middlewares into one security middleware
2020-08-21 12:57:58,658 INFO 15736 [egg:core] dump config after load, 10ms
2020-08-21 12:57:58,725 INFO 15736 [egg-watcher:application] watcher start success
2020-08-21 12:57:58,748 INFO 15736 [egg:core] dump config after ready, 14ms
2020-08-21 12:59:13,592 INFO 13488 [egg:logger] init all loggers with options: {"dir":"E:\\tryproject\\firstegg\\logs\\eggtry","encoding":"utf8","env":"local","level":"INFO","consoleLevel":"INFO","disableConsoleAfterReady":false,"outputJSON":false,"buffer":true,"appLogName":"eggtry-web.log","coreLogName":"egg-web.log","agentLogName":"egg-agent.log","errorLogName":"common-error.log","coreLogger":{"consoleLevel":"WARN"},"allowDebugAtProd":false,"type":"application"}
2020-08-21 12:59:13,654 INFO 13488 [egg-multipart] file mode enable
2020-08-21 12:59:13,654 INFO 13488 [egg-multipart] will save temporary files to "C:\\Users\\11098\\AppData\\Local\\Temp\\egg-multipart-tmp\\eggtry", cleanup job cron: "0 30 4 * * *"
2020-08-21 12:59:13,656 INFO 13488 [egg-email] connecting smtp.qq.com@465:[object Object]/%
2020-08-21 12:59:13,811 INFO 13488 [egg-static] starting static serve /public/ -> E:\tryproject\firstegg\app\public
2020-08-21 12:59:13,817 INFO 13488 [egg-security] use methodnoallow middleware
2020-08-21 12:59:13,818 INFO 13488 [egg-security] use noopen middleware
2020-08-21 12:59:13,820 INFO 13488 [egg-security] use nosniff middleware
2020-08-21 12:59:13,820 INFO 13488 [egg-security] use xssProtection middleware
2020-08-21 12:59:13,821 INFO 13488 [egg-security] use xframe middleware
2020-08-21 12:59:13,822 INFO 13488 [egg-security] use dta middleware
2020-08-21 12:59:13,822 INFO 13488 [egg-security] compose 6 middlewares into one security middleware
2020-08-21 12:59:14,193 INFO 13488 [egg:core] dump config after load, 11ms
2020-08-21 12:59:14,256 INFO 13488 [egg-watcher:application] watcher start success
2020-08-21 12:59:14,275 INFO 13488 [egg:core] dump config after ready, 14ms
2020-08-21 16:24:18,565 INFO 9328 [egg:logger] init all loggers with options: {"dir":"E:\\tryproject\\firstegg\\logs\\eggtry","encoding":"utf8","env":"local","level":"INFO","consoleLevel":"INFO","disableConsoleAfterReady":false,"outputJSON":false,"buffer":true,"appLogName":"eggtry-web.log","coreLogName":"egg-web.log","agentLogName":"egg-agent.log","errorLogName":"common-error.log","coreLogger":{"consoleLevel":"WARN"},"allowDebugAtProd":false,"type":"application"}
2020-08-21 16:24:18,630 INFO 9328 [egg-multipart] file mode enable
2020-08-21 16:24:18,630 INFO 9328 [egg-multipart] will save temporary files to "C:\\Users\\11098\\AppData\\Local\\Temp\\egg-multipart-tmp\\eggtry", cleanup job cron: "0 30 4 * * *"
2020-08-21 16:24:18,631 INFO 9328 [egg-email] connecting smtp.qq.com@465:[object Object]/%
2020-08-21 16:24:18,814 INFO 9328 [egg-static] starting static serve /public/ -> E:\tryproject\firstegg\app\public
2020-08-21 16:24:18,820 INFO 9328 [egg-security] use methodnoallow middleware
2020-08-21 16:24:18,821 INFO 9328 [egg-security] use noopen middleware
2020-08-21 16:24:18,822 INFO 9328 [egg-security] use nosniff middleware
2020-08-21 16:24:18,823 INFO 9328 [egg-security] use xssProtection middleware
2020-08-21 16:24:18,824 INFO 9328 [egg-security] use xframe middleware
2020-08-21 16:24:18,825 INFO 9328 [egg-security] use dta middleware
2020-08-21 16:24:18,825 INFO 9328 [egg-security] compose 6 middlewares into one security middleware
2020-08-21 16:24:19,332 INFO 9328 [egg:core] dump config after load, 10ms
2020-08-21 16:24:19,409 INFO 9328 [egg-watcher:application] watcher start success
2020-08-21 16:24:19,433 INFO 9328 [egg:core] dump config after ready, 15ms
2020-08-21 16:24:20,660 INFO 4104 [egg:logger] init all loggers with options: {"dir":"E:\\tryproject\\firstegg\\logs\\eggtry","encoding":"utf8","env":"local","level":"INFO","consoleLevel":"INFO","disableConsoleAfterReady":false,"outputJSON":false,"buffer":true,"appLogName":"eggtry-web.log","coreLogName":"egg-web.log","agentLogName":"egg-agent.log","errorLogName":"common-error.log","coreLogger":{"consoleLevel":"WARN"},"allowDebugAtProd":false,"type":"application"}
2020-08-21 16:24:20,731 INFO 4104 [egg-multipart] file mode enable
2020-08-21 16:24:20,732 INFO 4104 [egg-multipart] will save temporary files to "C:\\Users\\11098\\AppData\\Local\\Temp\\egg-multipart-tmp\\eggtry", cleanup job cron: "0 30 4 * * *"
2020-08-21 16:24:20,733 INFO 4104 [egg-email] connecting smtp.qq.com@465:[object Object]/%
2020-08-21 16:24:20,867 INFO 4104 [egg-static] starting static serve /public/ -> E:\tryproject\firstegg\app\public
2020-08-21 16:24:20,872 INFO 4104 [egg-security] use methodnoallow middleware
2020-08-21 16:24:20,873 INFO 4104 [egg-security] use noopen middleware
2020-08-21 16:24:20,874 INFO 4104 [egg-security] use nosniff middleware
2020-08-21 16:24:20,875 INFO 4104 [egg-security] use xssProtection middleware
2020-08-21 16:24:20,876 INFO 4104 [egg-security] use xframe middleware
2020-08-21 16:24:20,876 INFO 4104 [egg-security] use dta middleware
2020-08-21 16:24:20,876 INFO 4104 [egg-security] compose 6 middlewares into one security middleware
2020-08-21 16:24:21,231 INFO 4104 [egg:core] dump config after load, 10ms
2020-08-21 16:24:21,288 INFO 4104 [egg-watcher:application] watcher start success
2020-08-21 16:24:21,306 INFO 4104 [egg:core] dump config after ready, 11ms
2020-08-21 16:24:22,877 INFO 8504 [egg:logger] init all loggers with options: {"dir":"E:\\tryproject\\firstegg\\logs\\eggtry","encoding":"utf8","env":"local","level":"INFO","consoleLevel":"INFO","disableConsoleAfterReady":false,"outputJSON":false,"buffer":true,"appLogName":"eggtry-web.log","coreLogName":"egg-web.log","agentLogName":"egg-agent.log","errorLogName":"common-error.log","coreLogger":{"consoleLevel":"WARN"},"allowDebugAtProd":false,"type":"application"}
2020-08-21 16:24:22,939 INFO 8504 [egg-multipart] file mode enable
2020-08-21 16:24:22,939 INFO 8504 [egg-multipart] will save temporary files to "C:\\Users\\11098\\AppData\\Local\\Temp\\egg-multipart-tmp\\eggtry", cleanup job cron: "0 30 4 * * *"
2020-08-21 16:24:22,940 INFO 8504 [egg-email] connecting smtp.qq.com@465:[object Object]/%
2020-08-21 16:24:23,072 INFO 8504 [egg-static] starting static serve /public/ -> E:\tryproject\firstegg\app\public
2020-08-21 16:24:23,076 INFO 8504 [egg-security] use methodnoallow middleware
2020-08-21 16:24:23,077 INFO 8504 [egg-security] use noopen middleware
2020-08-21 16:24:23,078 INFO 8504 [egg-security] use nosniff middleware
2020-08-21 16:24:23,079 INFO 8504 [egg-security] use xssProtection middleware
2020-08-21 16:24:23,080 INFO 8504 [egg-security] use xframe middleware
2020-08-21 16:24:23,080 INFO 8504 [egg-security] use dta middleware
2020-08-21 16:24:23,081 INFO 8504 [egg-security] compose 6 middlewares into one security middleware
2020-08-21 16:24:23,499 INFO 8504 [egg:core] dump config after load, 14ms
2020-08-21 16:24:23,560 INFO 8504 [egg-watcher:application] watcher start success
2020-08-21 16:24:23,583 INFO 8504 [egg:core] dump config after ready, 14ms
2020-08-21 16:25:35,904 INFO 1876 [egg:logger] init all loggers with options: {"dir":"E:\\tryproject\\firstegg\\logs\\eggtry","encoding":"utf8","env":"local","level":"INFO","consoleLevel":"INFO","disableConsoleAfterReady":false,"outputJSON":false,"buffer":true,"appLogName":"eggtry-web.log","coreLogName":"egg-web.log","agentLogName":"egg-agent.log","errorLogName":"common-error.log","coreLogger":{"consoleLevel":"WARN"},"allowDebugAtProd":false,"type":"application"}
2020-08-21 16:25:35,965 INFO 1876 [egg-multipart] file mode enable
2020-08-21 16:25:35,965 INFO 1876 [egg-multipart] will save temporary files to "C:\\Users\\11098\\AppData\\Local\\Temp\\egg-multipart-tmp\\eggtry", cleanup job cron: "0 30 4 * * *"
2020-08-21 16:25:35,966 INFO 1876 [egg-email] connecting smtp.qq.com@465:[object Object]/%
2020-08-21 16:25:36,098 INFO 1876 [egg-static] starting static serve /public/ -> E:\tryproject\firstegg\app\public
2020-08-21 16:25:36,104 INFO 1876 [egg-security] use methodnoallow middleware
2020-08-21 16:25:36,105 INFO 1876 [egg-security] use noopen middleware
2020-08-21 16:25:36,106 INFO 1876 [egg-security] use nosniff middleware
2020-08-21 16:25:36,107 INFO 1876 [egg-security] use xssProtection middleware
2020-08-21 16:25:36,108 INFO 1876 [egg-security] use xframe middleware
2020-08-21 16:25:36,108 INFO 1876 [egg-security] use dta middleware
2020-08-21 16:25:36,108 INFO 1876 [egg-security] compose 6 middlewares into one security middleware
2020-08-21 16:25:36,471 INFO 1876 [egg:core] dump config after load, 11ms
2020-08-21 16:25:36,530 INFO 1876 [egg-watcher:application] watcher start success
2020-08-21 16:25:36,554 INFO 1876 [egg:core] dump config after ready, 14ms
2020-08-24 07:26:45,933 INFO 15552 [egg:logger] init all loggers with options: {"dir":"E:\\tryproject\\firstegg\\logs\\eggtry","encoding":"utf8","env":"local","level":"INFO","consoleLevel":"INFO","disableConsoleAfterReady":false,"outputJSON":false,"buffer":true,"appLogName":"eggtry-web.log","coreLogName":"egg-web.log","agentLogName":"egg-agent.log","errorLogName":"common-error.log","coreLogger":{"consoleLevel":"WARN"},"allowDebugAtProd":false,"type":"application"}
2020-08-24 07:26:45,992 INFO 15552 [egg-multipart] file mode enable
2020-08-24 07:26:45,992 INFO 15552 [egg-multipart] will save temporary files to "C:\\Users\\11098\\AppData\\Local\\Temp\\egg-multipart-tmp\\eggtry", cleanup job cron: "0 30 4 * * *"
2020-08-24 07:26:45,993 INFO 15552 [egg-email] connecting smtp.qq.com@465:[object Object]/%
2020-08-24 07:26:46,156 INFO 15552 [egg-static] starting static serve /public/ -> E:\tryproject\firstegg\app\public
2020-08-24 07:26:46,161 INFO 15552 [egg-security] use methodnoallow middleware
2020-08-24 07:26:46,162 INFO 15552 [egg-security] use noopen middleware
2020-08-24 07:26:46,164 INFO 15552 [egg-security] use nosniff middleware
2020-08-24 07:26:46,165 INFO 15552 [egg-security] use xssProtection middleware
2020-08-24 07:26:46,165 INFO 15552 [egg-security] use xframe middleware
2020-08-24 07:26:46,166 INFO 15552 [egg-security] use dta middleware
2020-08-24 07:26:46,166 INFO 15552 [egg-security] compose 6 middlewares into one security middleware
2020-08-24 07:26:46,638 INFO 15552 [egg:core] dump config after load, 15ms
2020-08-24 07:26:46,712 INFO 15552 [egg-watcher:application] watcher start success
2020-08-24 07:26:46,735 INFO 15552 [egg:core] dump config after ready, 13ms
2020-08-24 07:26:47,973 INFO 10032 [egg:logger] init all loggers with options: {"dir":"E:\\tryproject\\firstegg\\logs\\eggtry","encoding":"utf8","env":"local","level":"INFO","consoleLevel":"INFO","disableConsoleAfterReady":false,"outputJSON":false,"buffer":true,"appLogName":"eggtry-web.log","coreLogName":"egg-web.log","agentLogName":"egg-agent.log","errorLogName":"common-error.log","coreLogger":{"consoleLevel":"WARN"},"allowDebugAtProd":false,"type":"application"}
2020-08-24 07:26:48,036 INFO 10032 [egg-multipart] file mode enable
2020-08-24 07:26:48,036 INFO 10032 [egg-multipart] will save temporary files to "C:\\Users\\11098\\AppData\\Local\\Temp\\egg-multipart-tmp\\eggtry", cleanup job cron: "0 30 4 * * *"
2020-08-24 07:26:48,037 INFO 10032 [egg-email] connecting smtp.qq.com@465:[object Object]/%
2020-08-24 07:26:48,164 INFO 10032 [egg-static] starting static serve /public/ -> E:\tryproject\firstegg\app\public
2020-08-24 07:26:48,169 INFO 10032 [egg-security] use methodnoallow middleware
2020-08-24 07:26:48,170 INFO 10032 [egg-security] use noopen middleware
2020-08-24 07:26:48,172 INFO 10032 [egg-security] use nosniff middleware
2020-08-24 07:26:48,172 INFO 10032 [egg-security] use xssProtection middleware
2020-08-24 07:26:48,173 INFO 10032 [egg-security] use xframe middleware
2020-08-24 07:26:48,174 INFO 10032 [egg-security] use dta middleware
2020-08-24 07:26:48,174 INFO 10032 [egg-security] compose 6 middlewares into one security middleware
2020-08-24 07:26:48,535 INFO 10032 [egg:core] dump config after load, 19ms
2020-08-24 07:26:48,590 INFO 10032 [egg-watcher:application] watcher start success
2020-08-24 07:26:48,606 INFO 10032 [egg:core] dump config after ready, 12ms
2020-08-24 07:26:50,156 INFO 14600 [egg:logger] init all loggers with options: {"dir":"E:\\tryproject\\firstegg\\logs\\eggtry","encoding":"utf8","env":"local","level":"INFO","consoleLevel":"INFO","disableConsoleAfterReady":false,"outputJSON":false,"buffer":true,"appLogName":"eggtry-web.log","coreLogName":"egg-web.log","agentLogName":"egg-agent.log","errorLogName":"common-error.log","coreLogger":{"consoleLevel":"WARN"},"allowDebugAtProd":false,"type":"application"}
2020-08-24 07:26:50,218 INFO 14600 [egg-multipart] file mode enable
2020-08-24 07:26:50,218 INFO 14600 [egg-multipart] will save temporary files to "C:\\Users\\11098\\AppData\\Local\\Temp\\egg-multipart-tmp\\eggtry", cleanup job cron: "0 30 4 * * *"
2020-08-24 07:26:50,219 INFO 14600 [egg-email] connecting smtp.qq.com@465:[object Object]/%
2020-08-24 07:26:50,342 INFO 14600 [egg-static] starting static serve /public/ -> E:\tryproject\firstegg\app\public
2020-08-24 07:26:50,347 INFO 14600 [egg-security] use methodnoallow middleware
2020-08-24 07:26:50,348 INFO 14600 [egg-security] use noopen middleware
2020-08-24 07:26:50,349 INFO 14600 [egg-security] use nosniff middleware
2020-08-24 07:26:50,350 INFO 14600 [egg-security] use xssProtection middleware
2020-08-24 07:26:50,351 INFO 14600 [egg-security] use xframe middleware
2020-08-24 07:26:50,351 INFO 14600 [egg-security] use dta middleware
2020-08-24 07:26:50,351 INFO 14600 [egg-security] compose 6 middlewares into one security middleware
2020-08-24 07:26:50,722 INFO 14600 [egg:core] dump config after load, 10ms
2020-08-24 07:26:50,777 INFO 14600 [egg-watcher:application] watcher start success
2020-08-24 07:26:50,794 INFO 14600 [egg:core] dump config after ready, 11ms
