2020-08-21 09:15:54,584 INFO 9036 [egg-schedule]: register schedule E:\tryproject\firstegg\node_modules\egg-multipart\app\schedule\clean_tmpdir.js
2020-08-21 09:15:54,584 INFO 9036 [egg-schedule]: register schedule E:\tryproject\firstegg\node_modules\egg-logrotator\app\schedule\clean_log.js
2020-08-21 09:15:54,584 INFO 9036 [egg-schedule]: register schedule E:\tryproject\firstegg\node_modules\egg-logrotator\app\schedule\rotate_by_file.js
2020-08-21 09:15:55,579 INFO 13352 [Timer] E:\tryproject\firstegg\node_modules\egg-multipart\app\schedule\clean_tmpdir.js next time will execute after 69244431ms at 2020-08-22 04:30:00.010
2020-08-21 09:15:55,580 INFO 13352 [Timer] E:\tryproject\firstegg\node_modules\egg-logrotator\app\schedule\clean_log.js next time will execute after 53044421ms at 2020-08-22 00:00:00.001
2020-08-21 09:15:55,581 INFO 13352 [Timer] E:\tryproject\firstegg\node_modules\egg-logrotator\app\schedule\rotate_by_file.js next time will execute after 53045420ms at 2020-08-22 00:00:01.001
2020-08-21 09:15:56,789 INFO 16496 [egg-schedule]: register schedule E:\tryproject\firstegg\node_modules\egg-multipart\app\schedule\clean_tmpdir.js
2020-08-21 09:15:56,789 INFO 16496 [egg-schedule]: register schedule E:\tryproject\firstegg\node_modules\egg-logrotator\app\schedule\clean_log.js
2020-08-21 09:15:56,789 INFO 16496 [egg-schedule]: register schedule E:\tryproject\firstegg\node_modules\egg-logrotator\app\schedule\rotate_by_file.js
2020-08-21 09:16:00,597 INFO 11884 [egg-schedule]: register schedule E:\tryproject\firstegg\node_modules\egg-multipart\app\schedule\clean_tmpdir.js
2020-08-21 09:16:00,597 INFO 11884 [egg-schedule]: register schedule E:\tryproject\firstegg\node_modules\egg-logrotator\app\schedule\clean_log.js
2020-08-21 09:16:00,597 INFO 11884 [egg-schedule]: register schedule E:\tryproject\firstegg\node_modules\egg-logrotator\app\schedule\rotate_by_file.js
2020-08-21 09:45:19,817 INFO 7368 [egg-schedule]: register schedule E:\tryproject\firstegg\node_modules\egg-multipart\app\schedule\clean_tmpdir.js
2020-08-21 09:45:19,817 INFO 7368 [egg-schedule]: register schedule E:\tryproject\firstegg\node_modules\egg-logrotator\app\schedule\clean_log.js
2020-08-21 09:45:19,817 INFO 7368 [egg-schedule]: register schedule E:\tryproject\firstegg\node_modules\egg-logrotator\app\schedule\rotate_by_file.js
2020-08-21 12:53:53,079 INFO 10188 [egg-schedule]: register schedule E:\tryproject\firstegg\node_modules\egg-multipart\app\schedule\clean_tmpdir.js
2020-08-21 12:53:53,079 INFO 10188 [egg-schedule]: register schedule E:\tryproject\firstegg\node_modules\egg-logrotator\app\schedule\clean_log.js
2020-08-21 12:53:53,079 INFO 10188 [egg-schedule]: register schedule E:\tryproject\firstegg\node_modules\egg-logrotator\app\schedule\rotate_by_file.js
2020-08-21 12:53:53,917 INFO 8288 [Timer] E:\tryproject\firstegg\node_modules\egg-multipart\app\schedule\clean_tmpdir.js next time will execute after 56166092ms at 2020-08-22 04:30:00.009
2020-08-21 12:53:53,918 INFO 8288 [Timer] E:\tryproject\firstegg\node_modules\egg-logrotator\app\schedule\clean_log.js next time will execute after 39966083ms at 2020-08-22 00:00:00.001
2020-08-21 12:53:53,919 INFO 8288 [Timer] E:\tryproject\firstegg\node_modules\egg-logrotator\app\schedule\rotate_by_file.js next time will execute after 39967082ms at 2020-08-22 00:00:01.001
2020-08-21 12:53:55,232 INFO 7716 [egg-schedule]: register schedule E:\tryproject\firstegg\node_modules\egg-multipart\app\schedule\clean_tmpdir.js
2020-08-21 12:53:55,232 INFO 7716 [egg-schedule]: register schedule E:\tryproject\firstegg\node_modules\egg-logrotator\app\schedule\clean_log.js
2020-08-21 12:53:55,232 INFO 7716 [egg-schedule]: register schedule E:\tryproject\firstegg\node_modules\egg-logrotator\app\schedule\rotate_by_file.js
2020-08-21 12:55:17,844 INFO 5232 [egg-schedule]: register schedule E:\tryproject\firstegg\node_modules\egg-multipart\app\schedule\clean_tmpdir.js
2020-08-21 12:55:17,845 INFO 5232 [egg-schedule]: register schedule E:\tryproject\firstegg\node_modules\egg-logrotator\app\schedule\clean_log.js
2020-08-21 12:55:17,845 INFO 5232 [egg-schedule]: register schedule E:\tryproject\firstegg\node_modules\egg-logrotator\app\schedule\rotate_by_file.js
2020-08-21 12:55:18,463 INFO 13548 [Timer] E:\tryproject\firstegg\node_modules\egg-multipart\app\schedule\clean_tmpdir.js next time will execute after 56081546ms at 2020-08-22 04:30:00.009
2020-08-21 12:55:18,464 INFO 13548 [Timer] E:\tryproject\firstegg\node_modules\egg-logrotator\app\schedule\clean_log.js next time will execute after 39881537ms at 2020-08-22 00:00:00.001
2020-08-21 12:55:18,465 INFO 13548 [Timer] E:\tryproject\firstegg\node_modules\egg-logrotator\app\schedule\rotate_by_file.js next time will execute after 39882536ms at 2020-08-22 00:00:01.001
2020-08-21 12:57:58,105 INFO 15736 [egg-schedule]: register schedule E:\tryproject\firstegg\node_modules\egg-multipart\app\schedule\clean_tmpdir.js
2020-08-21 12:57:58,106 INFO 15736 [egg-schedule]: register schedule E:\tryproject\firstegg\node_modules\egg-logrotator\app\schedule\clean_log.js
2020-08-21 12:57:58,106 INFO 15736 [egg-schedule]: register schedule E:\tryproject\firstegg\node_modules\egg-logrotator\app\schedule\rotate_by_file.js
2020-08-21 12:57:58,790 INFO 13960 [Timer] E:\tryproject\firstegg\node_modules\egg-multipart\app\schedule\clean_tmpdir.js next time will execute after 55921221ms at 2020-08-22 04:30:00.011
2020-08-21 12:57:58,791 INFO 13960 [Timer] E:\tryproject\firstegg\node_modules\egg-logrotator\app\schedule\clean_log.js next time will execute after 39721210ms at 2020-08-22 00:00:00.001
2020-08-21 12:57:58,792 INFO 13960 [Timer] E:\tryproject\firstegg\node_modules\egg-logrotator\app\schedule\rotate_by_file.js next time will execute after 39722209ms at 2020-08-22 00:00:01.001
2020-08-21 12:59:13,653 INFO 13488 [egg-schedule]: register schedule E:\tryproject\firstegg\node_modules\egg-multipart\app\schedule\clean_tmpdir.js
2020-08-21 12:59:13,653 INFO 13488 [egg-schedule]: register schedule E:\tryproject\firstegg\node_modules\egg-logrotator\app\schedule\clean_log.js
2020-08-21 12:59:13,653 INFO 13488 [egg-schedule]: register schedule E:\tryproject\firstegg\node_modules\egg-logrotator\app\schedule\rotate_by_file.js
2020-08-21 12:59:14,293 INFO 14500 [Timer] E:\tryproject\firstegg\node_modules\egg-multipart\app\schedule\clean_tmpdir.js next time will execute after 55845715ms at 2020-08-22 04:30:00.008
2020-08-21 12:59:14,294 INFO 14500 [Timer] E:\tryproject\firstegg\node_modules\egg-logrotator\app\schedule\clean_log.js next time will execute after 39645707ms at 2020-08-22 00:00:00.000
2020-08-21 12:59:14,294 INFO 14500 [Timer] E:\tryproject\firstegg\node_modules\egg-logrotator\app\schedule\rotate_by_file.js next time will execute after 39646706ms at 2020-08-22 00:00:01.000
2020-08-21 16:24:18,628 INFO 9328 [egg-schedule]: register schedule E:\tryproject\firstegg\node_modules\egg-multipart\app\schedule\clean_tmpdir.js
2020-08-21 16:24:18,629 INFO 9328 [egg-schedule]: register schedule E:\tryproject\firstegg\node_modules\egg-logrotator\app\schedule\clean_log.js
2020-08-21 16:24:18,629 INFO 9328 [egg-schedule]: register schedule E:\tryproject\firstegg\node_modules\egg-logrotator\app\schedule\rotate_by_file.js
2020-08-21 16:24:19,459 INFO 14520 [Timer] E:\tryproject\firstegg\node_modules\egg-multipart\app\schedule\clean_tmpdir.js next time will execute after 43540549ms at 2020-08-22 04:30:00.008
2020-08-21 16:24:19,459 INFO 14520 [Timer] E:\tryproject\firstegg\node_modules\egg-logrotator\app\schedule\clean_log.js next time will execute after 27340541ms at 2020-08-22 00:00:00.000
2020-08-21 16:24:19,460 INFO 14520 [Timer] E:\tryproject\firstegg\node_modules\egg-logrotator\app\schedule\rotate_by_file.js next time will execute after 27341541ms at 2020-08-22 00:00:01.001
2020-08-21 16:24:20,730 INFO 4104 [egg-schedule]: register schedule E:\tryproject\firstegg\node_modules\egg-multipart\app\schedule\clean_tmpdir.js
2020-08-21 16:24:20,730 INFO 4104 [egg-schedule]: register schedule E:\tryproject\firstegg\node_modules\egg-logrotator\app\schedule\clean_log.js
2020-08-21 16:24:20,730 INFO 4104 [egg-schedule]: register schedule E:\tryproject\firstegg\node_modules\egg-logrotator\app\schedule\rotate_by_file.js
2020-08-21 16:24:22,938 INFO 8504 [egg-schedule]: register schedule E:\tryproject\firstegg\node_modules\egg-multipart\app\schedule\clean_tmpdir.js
2020-08-21 16:24:22,938 INFO 8504 [egg-schedule]: register schedule E:\tryproject\firstegg\node_modules\egg-logrotator\app\schedule\clean_log.js
2020-08-21 16:24:22,938 INFO 8504 [egg-schedule]: register schedule E:\tryproject\firstegg\node_modules\egg-logrotator\app\schedule\rotate_by_file.js
2020-08-21 16:25:35,964 INFO 1876 [egg-schedule]: register schedule E:\tryproject\firstegg\node_modules\egg-multipart\app\schedule\clean_tmpdir.js
2020-08-21 16:25:35,964 INFO 1876 [egg-schedule]: register schedule E:\tryproject\firstegg\node_modules\egg-logrotator\app\schedule\clean_log.js
2020-08-21 16:25:35,964 INFO 1876 [egg-schedule]: register schedule E:\tryproject\firstegg\node_modules\egg-logrotator\app\schedule\rotate_by_file.js
2020-08-21 16:25:36,568 INFO 11552 [Timer] E:\tryproject\firstegg\node_modules\egg-multipart\app\schedule\clean_tmpdir.js next time will execute after 43463439ms at 2020-08-22 04:30:00.007
2020-08-21 16:25:36,569 INFO 11552 [Timer] E:\tryproject\firstegg\node_modules\egg-logrotator\app\schedule\clean_log.js next time will execute after 27263431ms at 2020-08-22 00:00:00.000
2020-08-21 16:25:36,569 INFO 11552 [Timer] E:\tryproject\firstegg\node_modules\egg-logrotator\app\schedule\rotate_by_file.js next time will execute after 27264431ms at 2020-08-22 00:00:01.000
2020-08-24 07:26:45,990 INFO 15552 [egg-schedule]: register schedule E:\tryproject\firstegg\node_modules\egg-multipart\app\schedule\clean_tmpdir.js
2020-08-24 07:26:45,990 INFO 15552 [egg-schedule]: register schedule E:\tryproject\firstegg\node_modules\egg-logrotator\app\schedule\clean_log.js
2020-08-24 07:26:45,990 INFO 15552 [egg-schedule]: register schedule E:\tryproject\firstegg\node_modules\egg-logrotator\app\schedule\rotate_by_file.js
2020-08-24 07:26:46,757 INFO 216 [Timer] E:\tryproject\firstegg\node_modules\egg-multipart\app\schedule\clean_tmpdir.js next time will execute after 75793250ms at 2020-08-25 04:30:00.007
2020-08-24 07:26:46,758 INFO 216 [Timer] E:\tryproject\firstegg\node_modules\egg-logrotator\app\schedule\clean_log.js next time will execute after 59593243ms at 2020-08-25 00:00:00.001
2020-08-24 07:26:46,759 INFO 216 [Timer] E:\tryproject\firstegg\node_modules\egg-logrotator\app\schedule\rotate_by_file.js next time will execute after 59594242ms at 2020-08-25 00:00:01.001
2020-08-24 07:26:48,035 INFO 10032 [egg-schedule]: register schedule E:\tryproject\firstegg\node_modules\egg-multipart\app\schedule\clean_tmpdir.js
2020-08-24 07:26:48,035 INFO 10032 [egg-schedule]: register schedule E:\tryproject\firstegg\node_modules\egg-logrotator\app\schedule\clean_log.js
2020-08-24 07:26:48,035 INFO 10032 [egg-schedule]: register schedule E:\tryproject\firstegg\node_modules\egg-logrotator\app\schedule\rotate_by_file.js
2020-08-24 07:26:50,217 INFO 14600 [egg-schedule]: register schedule E:\tryproject\firstegg\node_modules\egg-multipart\app\schedule\clean_tmpdir.js
2020-08-24 07:26:50,217 INFO 14600 [egg-schedule]: register schedule E:\tryproject\firstegg\node_modules\egg-logrotator\app\schedule\clean_log.js
2020-08-24 07:26:50,217 INFO 14600 [egg-schedule]: register schedule E:\tryproject\firstegg\node_modules\egg-logrotator\app\schedule\rotate_by_file.js
2021-01-01 12:25:52,717 INFO 2896 [egg-schedule]: register schedule E:\tryproject\firstegg\node_modules\egg-multipart\app\schedule\clean_tmpdir.js
2021-01-01 12:25:52,717 INFO 2896 [egg-schedule]: register schedule E:\tryproject\firstegg\node_modules\egg-logrotator\app\schedule\clean_log.js
2021-01-01 12:25:52,717 INFO 2896 [egg-schedule]: register schedule E:\tryproject\firstegg\node_modules\egg-logrotator\app\schedule\rotate_by_file.js
2021-01-01 12:25:52,974 INFO 1560 [Timer] E:\tryproject\firstegg\node_modules\egg-multipart\app\schedule\clean_tmpdir.js next time will execute after 57847029ms at 2021-01-02 04:30:00.003
2021-01-01 12:25:52,974 INFO 1560 [Timer] E:\tryproject\firstegg\node_modules\egg-logrotator\app\schedule\clean_log.js next time will execute after 41647026ms at 2021-01-02 00:00:00.000
2021-01-01 12:25:52,974 INFO 1560 [Timer] E:\tryproject\firstegg\node_modules\egg-logrotator\app\schedule\rotate_by_file.js next time will execute after 41648026ms at 2021-01-02 00:00:01.000
2021-01-01 12:53:00,520 INFO 11916 [Timer] E:\tryproject\firstegg\node_modules\egg-multipart\app\schedule\clean_tmpdir.js next time will execute after 56219483ms at 2021-01-02 04:30:00.003
2021-01-01 12:53:00,521 INFO 11916 [Timer] E:\tryproject\firstegg\node_modules\egg-logrotator\app\schedule\clean_log.js next time will execute after 40019480ms at 2021-01-02 00:00:00.001
2021-01-01 12:53:00,521 INFO 11916 [Timer] E:\tryproject\firstegg\node_modules\egg-logrotator\app\schedule\rotate_by_file.js next time will execute after 40020479ms at 2021-01-02 00:00:01.000
2021-01-01 12:53:00,270 INFO 11868 [egg-schedule]: register schedule E:\tryproject\firstegg\node_modules\egg-multipart\app\schedule\clean_tmpdir.js
2021-01-01 12:53:00,270 INFO 11868 [egg-schedule]: register schedule E:\tryproject\firstegg\node_modules\egg-logrotator\app\schedule\clean_log.js
2021-01-01 12:53:00,270 INFO 11868 [egg-schedule]: register schedule E:\tryproject\firstegg\node_modules\egg-logrotator\app\schedule\rotate_by_file.js
2021-01-01 12:55:16,135 INFO 5128 [Timer] E:\tryproject\firstegg\node_modules\egg-multipart\app\schedule\clean_tmpdir.js next time will execute after 56083870ms at 2021-01-02 04:30:00.005
2021-01-01 12:55:16,135 INFO 5128 [Timer] E:\tryproject\firstegg\node_modules\egg-logrotator\app\schedule\clean_log.js next time will execute after 39883865ms at 2021-01-02 00:00:00.000
2021-01-01 12:55:16,135 INFO 5128 [Timer] E:\tryproject\firstegg\node_modules\egg-logrotator\app\schedule\rotate_by_file.js next time will execute after 39884865ms at 2021-01-02 00:00:01.000
2021-01-01 12:55:15,883 INFO 12356 [egg-schedule]: register schedule E:\tryproject\firstegg\node_modules\egg-multipart\app\schedule\clean_tmpdir.js
2021-01-01 12:55:15,883 INFO 12356 [egg-schedule]: register schedule E:\tryproject\firstegg\node_modules\egg-logrotator\app\schedule\clean_log.js
2021-01-01 12:55:15,883 INFO 12356 [egg-schedule]: register schedule E:\tryproject\firstegg\node_modules\egg-logrotator\app\schedule\rotate_by_file.js
2021-01-01 12:57:26,308 INFO 7152 [egg-schedule]: register schedule E:\tryproject\firstegg\node_modules\egg-multipart\app\schedule\clean_tmpdir.js
2021-01-01 12:57:26,308 INFO 7152 [egg-schedule]: register schedule E:\tryproject\firstegg\node_modules\egg-logrotator\app\schedule\clean_log.js
2021-01-01 12:57:26,308 INFO 7152 [egg-schedule]: register schedule E:\tryproject\firstegg\node_modules\egg-logrotator\app\schedule\rotate_by_file.js
2021-01-01 12:57:26,717 INFO 9768 [Timer] E:\tryproject\firstegg\node_modules\egg-multipart\app\schedule\clean_tmpdir.js next time will execute after 55953289ms at 2021-01-02 04:30:00.006
2021-01-01 12:57:26,717 INFO 9768 [Timer] E:\tryproject\firstegg\node_modules\egg-logrotator\app\schedule\clean_log.js next time will execute after 39753283ms at 2021-01-02 00:00:00.000
2021-01-01 12:57:26,717 INFO 9768 [Timer] E:\tryproject\firstegg\node_modules\egg-logrotator\app\schedule\rotate_by_file.js next time will execute after 39754283ms at 2021-01-02 00:00:01.000
2021-01-01 13:06:40,047 INFO 3040 [egg-schedule]: register schedule E:\tryproject\firstegg\node_modules\egg-multipart\app\schedule\clean_tmpdir.js
2021-01-01 13:06:40,047 INFO 3040 [egg-schedule]: register schedule E:\tryproject\firstegg\node_modules\egg-logrotator\app\schedule\clean_log.js
2021-01-01 13:06:40,047 INFO 3040 [egg-schedule]: register schedule E:\tryproject\firstegg\node_modules\egg-logrotator\app\schedule\rotate_by_file.js
2021-01-01 13:06:40,306 INFO 11788 [Timer] E:\tryproject\firstegg\node_modules\egg-multipart\app\schedule\clean_tmpdir.js next time will execute after 55399697ms at 2021-01-02 04:30:00.003
2021-01-01 13:06:40,306 INFO 11788 [Timer] E:\tryproject\firstegg\node_modules\egg-logrotator\app\schedule\clean_log.js next time will execute after 39199694ms at 2021-01-02 00:00:00.000
2021-01-01 13:06:40,306 INFO 11788 [Timer] E:\tryproject\firstegg\node_modules\egg-logrotator\app\schedule\rotate_by_file.js next time will execute after 39200694ms at 2021-01-02 00:00:01.000
2021-01-01 13:21:40,605 INFO 1516 [egg-schedule]: register schedule E:\tryproject\firstegg\node_modules\egg-multipart\app\schedule\clean_tmpdir.js
2021-01-01 13:21:40,605 INFO 1516 [egg-schedule]: register schedule E:\tryproject\firstegg\node_modules\egg-logrotator\app\schedule\clean_log.js
2021-01-01 13:21:40,605 INFO 1516 [egg-schedule]: register schedule E:\tryproject\firstegg\node_modules\egg-logrotator\app\schedule\rotate_by_file.js
2021-01-01 13:21:40,916 INFO 6624 [Timer] E:\tryproject\firstegg\node_modules\egg-multipart\app\schedule\clean_tmpdir.js next time will execute after 54499089ms at 2021-01-02 04:30:00.005
2021-01-01 13:21:40,916 INFO 6624 [Timer] E:\tryproject\firstegg\node_modules\egg-logrotator\app\schedule\clean_log.js next time will execute after 38299084ms at 2021-01-02 00:00:00.000
2021-01-01 13:21:40,916 INFO 6624 [Timer] E:\tryproject\firstegg\node_modules\egg-logrotator\app\schedule\rotate_by_file.js next time will execute after 38300084ms at 2021-01-02 00:00:01.000
2021-01-01 13:21:41,744 INFO 10632 [egg-schedule]: register schedule E:\tryproject\firstegg\node_modules\egg-multipart\app\schedule\clean_tmpdir.js
2021-01-01 13:21:41,744 INFO 10632 [egg-schedule]: register schedule E:\tryproject\firstegg\node_modules\egg-logrotator\app\schedule\clean_log.js
2021-01-01 13:21:41,744 INFO 10632 [egg-schedule]: register schedule E:\tryproject\firstegg\node_modules\egg-logrotator\app\schedule\rotate_by_file.js
